<?xml version="1.0" encoding="UTF-8"?>
<!-- Generated by org.testng.reporters.JUnitReportReporter -->
<testsuite hostname="LAPTOP-8AAVMEOH" failures="0" tests="2" name="testcases.TestOnSauceLabs" time="2.666" errors="0" timestamp="2021-05-07T14:41:39 MST" skipped="0">
  <testcase classname="testcases.TestOnSauceLabs" name="testTitle" time="1.583"/>
  <system-out/>
  <testcase classname="testcases.TestOnSauceLabs" name="testTitle" time="1.083"/>
  <system-out/>
</testsuite> <!-- testcases.TestOnSauceLabs -->
