<?xml version="1.0" encoding="UTF-8"?>
<!-- Generated by org.testng.reporters.JUnitReportReporter -->
<testsuite hostname="LAPTOP-8AAVMEOH" failures="0" tests="2" name="testcases.TestOnSauceLabs" time="2.758" errors="0" timestamp="2021-05-07T14:54:35 MST" skipped="0">
  <testcase classname="testcases.TestOnSauceLabs" name="testTitle" time="1.409"/>
  <system-out/>
  <testcase classname="testcases.TestOnSauceLabs" name="testTitle" time="1.349"/>
  <system-out/>
</testsuite> <!-- testcases.TestOnSauceLabs -->
